#-----------------------------------------------------------
# Vivado v2019.1 (64-bit)
# SW Build 2552052 on Fri May 24 14:47:09 MDT 2019
# IP Build 2548770 on Fri May 24 18:01:18 MDT 2019
# Start of session at: Thu May  4 14:01:59 2023
# Process ID: 11688
# Current directory: /rzhome/rapha/Schreibtisch/HWSYS/VISCY/hws-viscy-praktikum-viscy-1/alu
# Command line: vivado -notrace -nojournal -log alu-ees/alu.log -mode batch -source alu-ees/alu-synthesize.tcl
# Log file: /rzhome/rapha/Schreibtisch/HWSYS/VISCY/hws-viscy-praktikum-viscy-1/alu/alu-ees/alu.log
# Journal file: 
#-----------------------------------------------------------
source alu-ees/alu-synthesize.tcl -notrace



###########################################################################
#
#          Setup project and read sources ...
#
###########################################################################




###########################################################################
#
#          RTL-Synthesize design and open it in GUI ...
#
###########################################################################

Command: synth_design -rtl
Starting synth_design
Using part: xc7z010clg400-1
Top: alu
INFO: [Device 21-403] Loading part xc7z010clg400-1
---------------------------------------------------------------------------------
Starting RTL Elaboration : Time (s): cpu = 00:00:02 ; elapsed = 00:00:03 . Memory (MB): peak = 1751.070 ; gain = 151.605 ; free physical = 12350 ; free virtual = 32879
---------------------------------------------------------------------------------
INFO: [Synth 8-638] synthesizing module 'ALU' [/rzhome/rapha/Schreibtisch/HWSYS/VISCY/hws-viscy-praktikum-viscy-1/alu/alu.vhdl:17]
INFO: [Synth 8-226] default block is never used [/rzhome/rapha/Schreibtisch/HWSYS/VISCY/hws-viscy-praktikum-viscy-1/alu/alu.vhdl:28]
INFO: [Synth 8-256] done synthesizing module 'ALU' (1#1514) [/rzhome/rapha/Schreibtisch/HWSYS/VISCY/hws-viscy-praktikum-viscy-1/alu/alu.vhdl:17]
---------------------------------------------------------------------------------
Finished RTL Elaboration : Time (s): cpu = 00:00:03 ; elapsed = 00:00:05 . Memory (MB): peak = 1804.820 ; gain = 205.355 ; free physical = 12350 ; free virtual = 32879
---------------------------------------------------------------------------------

Report Check Netlist: 
+------+------------------+-------+---------+-------+------------------+
|      |Item              |Errors |Warnings |Status |Description       |
+------+------------------+-------+---------+-------+------------------+
|1     |multi_driven_nets |      0|        0|Passed |Multi driven nets |
+------+------------------+-------+---------+-------+------------------+
---------------------------------------------------------------------------------
Start Handling Custom Attributes
---------------------------------------------------------------------------------
---------------------------------------------------------------------------------
Finished Handling Custom Attributes : Time (s): cpu = 00:00:04 ; elapsed = 00:00:06 . Memory (MB): peak = 1807.789 ; gain = 208.324 ; free physical = 12348 ; free virtual = 32877
---------------------------------------------------------------------------------
---------------------------------------------------------------------------------
Finished RTL Optimization Phase 1 : Time (s): cpu = 00:00:04 ; elapsed = 00:00:06 . Memory (MB): peak = 1807.789 ; gain = 208.324 ; free physical = 12348 ; free virtual = 32877
---------------------------------------------------------------------------------
INFO: [Project 1-570] Preparing netlist for logic optimization

Processing XDC Constraints
Initializing timing engine
Completed Processing XDC Constraints

INFO: [Opt 31-138] Pushed 0 inverter(s) to 0 load pin(s).
Netlist sorting complete. Time (s): cpu = 00:00:00 ; elapsed = 00:00:00 . Memory (MB): peak = 1936.539 ; gain = 0.000 ; free physical = 12262 ; free virtual = 32791
INFO: [Project 1-111] Unisim Transformation Summary:
No Unisim elements were transformed.

RTL Elaboration Complete:  : Time (s): cpu = 00:00:05 ; elapsed = 00:00:07 . Memory (MB): peak = 1936.539 ; gain = 337.074 ; free physical = 12262 ; free virtual = 32791
7 Infos, 0 Warnings, 0 Critical Warnings and 0 Errors encountered.
synth_design completed successfully
synth_design: Time (s): cpu = 00:00:08 ; elapsed = 00:00:12 . Memory (MB): peak = 1936.539 ; gain = 513.766 ; free physical = 12262 ; free virtual = 32791
exit
INFO: [Common 17-206] Exiting Vivado at Thu May  4 14:03:45 2023...
